<?xml version="1.0" encoding="UTF-8"?>
<!-- Generated by org.testng.reporters.JUnitReportReporter -->
<testsuite hostname="DESKTOP-C204RQ9" failures="0" tests="1" name="Demo_Assignment.UI_Auto.LaunchBrowser" time="11.162" errors="0" timestamp="06 May 2022 11:44:03 GMT" skipped="0">
  <testcase classname="Demo_Assignment.UI_Auto.LaunchBrowser" name="launchingBrowser" time="11.162"/>
</testsuite> <!-- Demo_Assignment.UI_Auto.LaunchBrowser -->
